D:\当前备份\svn\PanMonitorSystem\u盘监测程序\Source\UdiskVerify\MakeLisence\Release\cl.command.1.tlog
D:\当前备份\svn\PanMonitorSystem\u盘监测程序\Source\UdiskVerify\MakeLisence\Release\CL.read.1.tlog
D:\当前备份\svn\PanMonitorSystem\u盘监测程序\Source\UdiskVerify\MakeLisence\Release\CL.write.1.tlog
D:\当前备份\SVN\PANMONITORSYSTEM\U盘监测程序\SOURCE\UDISKVERIFY\MAKELISENCE\RELEASE\FILEREADWRITE.OBJ
D:\当前备份\svn\PanMonitorSystem\u盘监测程序\Source\UdiskVerify\MakeLisence\Release\link.command.1.tlog
D:\当前备份\svn\PanMonitorSystem\u盘监测程序\Source\UdiskVerify\MakeLisence\Release\link.read.1.tlog
D:\当前备份\svn\PanMonitorSystem\u盘监测程序\Source\UdiskVerify\MakeLisence\Release\link.write.1.tlog
D:\当前备份\svn\PanMonitorSystem\u盘监测程序\Source\UdiskVerify\MakeLisence\Release\link-cvtres.read.1.tlog
D:\当前备份\svn\PanMonitorSystem\u盘监测程序\Source\UdiskVerify\MakeLisence\Release\link-cvtres.write.1.tlog
D:\当前备份\SVN\PANMONITORSYSTEM\U盘监测程序\SOURCE\UDISKVERIFY\MAKELISENCE\RELEASE\MAKELISENCE.EXE.INTERMEDIATE.MANIFEST
D:\当前备份\SVN\PANMONITORSYSTEM\U盘监测程序\SOURCE\UDISKVERIFY\MAKELISENCE\RELEASE\MAKELISENCE.OBJ
D:\当前备份\SVN\PANMONITORSYSTEM\U盘监测程序\SOURCE\UDISKVERIFY\MAKELISENCE\RELEASE\MAKELISENCE.PCH
D:\当前备份\SVN\PANMONITORSYSTEM\U盘监测程序\SOURCE\UDISKVERIFY\MAKELISENCE\RELEASE\MAKELISENCE.RES
D:\当前备份\SVN\PANMONITORSYSTEM\U盘监测程序\SOURCE\UDISKVERIFY\MAKELISENCE\RELEASE\MAKELISENCEDLG.OBJ
D:\当前备份\svn\PanMonitorSystem\u盘监测程序\Source\UdiskVerify\MakeLisence\Release\mt.command.1.tlog
D:\当前备份\svn\PanMonitorSystem\u盘监测程序\Source\UdiskVerify\MakeLisence\Release\mt.read.1.tlog
D:\当前备份\svn\PanMonitorSystem\u盘监测程序\Source\UdiskVerify\MakeLisence\Release\mt.write.1.tlog
D:\当前备份\svn\PanMonitorSystem\u盘监测程序\Source\UdiskVerify\MakeLisence\Release\rc.command.1.tlog
D:\当前备份\svn\PanMonitorSystem\u盘监测程序\Source\UdiskVerify\MakeLisence\Release\rc.read.1.tlog
D:\当前备份\svn\PanMonitorSystem\u盘监测程序\Source\UdiskVerify\MakeLisence\Release\rc.write.1.tlog
D:\当前备份\SVN\PANMONITORSYSTEM\U盘监测程序\SOURCE\UDISKVERIFY\MAKELISENCE\RELEASE\STDAFX.OBJ
D:\当前备份\SVN\PANMONITORSYSTEM\U盘监测程序\SOURCE\UDISKVERIFY\MAKELISENCE\RELEASE\VC100.PDB
D:\当前备份\SVN\PANMONITORSYSTEM\U盘监测程序\SOURCE\UDISKVERIFY\RELEASE\MAKELISENCE.EXE
D:\当前备份\SVN\PANMONITORSYSTEM\U盘监测程序\SOURCE\UDISKVERIFY\RELEASE\MAKELISENCE.PDB
