D:\当前备份\SVN\PANMONITORSYSTEM\U盘监测程序\SOURCE\UDISKVERIFY\RELEASE\UDISKVERIFY.EXE
D:\当前备份\SVN\PANMONITORSYSTEM\U盘监测程序\SOURCE\UDISKVERIFY\RELEASE\UDISKVERIFY.PDB
D:\当前备份\svn\PanMonitorSystem\u盘监测程序\Source\UdiskVerify\UdiskVerify\Release\cl.command.1.tlog
D:\当前备份\svn\PanMonitorSystem\u盘监测程序\Source\UdiskVerify\UdiskVerify\Release\CL.read.1.tlog
D:\当前备份\svn\PanMonitorSystem\u盘监测程序\Source\UdiskVerify\UdiskVerify\Release\CL.write.1.tlog
D:\当前备份\SVN\PANMONITORSYSTEM\U盘监测程序\SOURCE\UDISKVERIFY\UDISKVERIFY\RELEASE\FILEREADWRITE.OBJ
D:\当前备份\svn\PanMonitorSystem\u盘监测程序\Source\UdiskVerify\UdiskVerify\Release\link.command.1.tlog
D:\当前备份\svn\PanMonitorSystem\u盘监测程序\Source\UdiskVerify\UdiskVerify\Release\link.read.1.tlog
D:\当前备份\svn\PanMonitorSystem\u盘监测程序\Source\UdiskVerify\UdiskVerify\Release\link.write.1.tlog
D:\当前备份\svn\PanMonitorSystem\u盘监测程序\Source\UdiskVerify\UdiskVerify\Release\link-cvtres.read.1.tlog
D:\当前备份\svn\PanMonitorSystem\u盘监测程序\Source\UdiskVerify\UdiskVerify\Release\link-cvtres.write.1.tlog
D:\当前备份\svn\PanMonitorSystem\u盘监测程序\Source\UdiskVerify\UdiskVerify\Release\mt.command.1.tlog
D:\当前备份\svn\PanMonitorSystem\u盘监测程序\Source\UdiskVerify\UdiskVerify\Release\mt.read.1.tlog
D:\当前备份\svn\PanMonitorSystem\u盘监测程序\Source\UdiskVerify\UdiskVerify\Release\mt.write.1.tlog
D:\当前备份\svn\PanMonitorSystem\u盘监测程序\Source\UdiskVerify\UdiskVerify\Release\rc.command.1.tlog
D:\当前备份\svn\PanMonitorSystem\u盘监测程序\Source\UdiskVerify\UdiskVerify\Release\rc.read.1.tlog
D:\当前备份\svn\PanMonitorSystem\u盘监测程序\Source\UdiskVerify\UdiskVerify\Release\rc.write.1.tlog
D:\当前备份\SVN\PANMONITORSYSTEM\U盘监测程序\SOURCE\UDISKVERIFY\UDISKVERIFY\RELEASE\STDAFX.OBJ
D:\当前备份\SVN\PANMONITORSYSTEM\U盘监测程序\SOURCE\UDISKVERIFY\UDISKVERIFY\RELEASE\UDISKVERIFY.EXE.INTERMEDIATE.MANIFEST
D:\当前备份\SVN\PANMONITORSYSTEM\U盘监测程序\SOURCE\UDISKVERIFY\UDISKVERIFY\RELEASE\UDISKVERIFY.OBJ
D:\当前备份\SVN\PANMONITORSYSTEM\U盘监测程序\SOURCE\UDISKVERIFY\UDISKVERIFY\RELEASE\UDISKVERIFY.PCH
D:\当前备份\SVN\PANMONITORSYSTEM\U盘监测程序\SOURCE\UDISKVERIFY\UDISKVERIFY\RELEASE\UDISKVERIFY.RES
D:\当前备份\SVN\PANMONITORSYSTEM\U盘监测程序\SOURCE\UDISKVERIFY\UDISKVERIFY\RELEASE\UDISKVERIFYDLG.OBJ
D:\当前备份\SVN\PANMONITORSYSTEM\U盘监测程序\SOURCE\UDISKVERIFY\UDISKVERIFY\RELEASE\VC100.PDB
