生成启动时间为 2018/4/2 19:54:34。
     1>项目“D:\当前备份\svn\PanMonitorSystem\u盘监测程序\Source\UdiskVerify\MakeLisence\MakeLisence.vcxproj”在节点 3 上(rebuild 个目标)。
     1>_PrepareForClean:
         正在删除文件“Debug\MakeLisence.lastbuildstate”。
       InitializeBuildStatus:
         正在创建“Debug\MakeLisence.unsuccessfulbuild”，因为已指定“AlwaysCreate”。
       ClCompile:
         C:\Program Files (x86)\Microsoft Visual Studio 10.0\VC\bin\CL.exe /c /I./ /I../utility /ZI /nologo /W3 /WX- /Od /Oy- /D WIN32 /D _WINDOWS /D _DEBUG /D _MBCS /Gm /EHsc /RTC1 /MTd /GS /fp:precise /Zc:wchar_t /Zc:forScope /Yc"StdAfx.h" /Fp"Debug\MakeLisence.pch" /Fo"Debug\\" /Fd"Debug\vc100.pdb" /Gd /TP /analyze- /errorReport:prompt stdafx.cpp
         stdafx.cpp
         C:\Program Files (x86)\Microsoft Visual Studio 10.0\VC\bin\CL.exe /c /I./ /I../utility /ZI /nologo /W3 /WX- /Od /Oy- /D WIN32 /D _WINDOWS /D _DEBUG /D _MBCS /Gm /EHsc /RTC1 /MTd /GS /fp:precise /Zc:wchar_t /Zc:forScope /Yu"StdAfx.h" /Fp"Debug\MakeLisence.pch" /Fo"Debug\\" /Fd"Debug\vc100.pdb" /Gd /TP /analyze- /errorReport:prompt ..\utility\FileReadWrite.cpp MakeLisence.cpp MakeLisenceDlg.cpp
         MakeLisenceDlg.cpp
         MakeLisence.cpp
         FileReadWrite.cpp
         正在生成代码...
       ResourceCompile:
         C:\Program Files (x86)\Microsoft SDKs\Windows\v7.0A\bin\rc.exe /D _DEBUG /l"0x0804" /IDebug\ /nologo /fo"Debug\MakeLisence.res" MakeLisence.rc 
       ManifestResourceCompile:
         C:\Program Files (x86)\Microsoft SDKs\Windows\v7.0A\bin\rc.exe /nologo /fo"Debug\MakeLisence.exe.embed.manifest.res" Debug\MakeLisence_manifest.rc 
       Link:
         C:\Program Files (x86)\Microsoft Visual Studio 10.0\VC\bin\link.exe /ERRORREPORT:PROMPT /OUT:"D:\当前备份\svn\PanMonitorSystem\u盘监测程序\Source\UdiskVerify\Debug\MakeLisence.exe" /INCREMENTAL /NOLOGO /LIBPATH:C:\SourceCode\thirdPart\ijl /LIBPATH:C:\SourceCode\thirdPart\libevent /LIBPATH:C:\SourceCode\thirdPart\mysql /LIBPATH:C:\SourceCode\thirdPart\openssl /LIBPATH:C:\SourceCode\thirdPart\sqlite /LIBPATH:C:\SourceCode\thirdPart\opencv\opencv\build\x86\vc10\bin /LIBPATH:C:\SourceCode\thirdPart\opencv\opencv\build\x86\vc10\lib /MANIFEST /ManifestFile:"Debug\MakeLisence.exe.intermediate.manifest" /MANIFESTUAC:"level='asInvoker' uiAccess='false'" /DEBUG /PDB:"D:\当前备份\svn\PanMonitorSystem\u盘监测程序\Source\UdiskVerify\Debug\MakeLisence.pdb" /SUBSYSTEM:WINDOWS /TLBID:1 /DYNAMICBASE /NXCOMPAT /IMPLIB:"D:\当前备份\svn\PanMonitorSystem\u盘监测程序\Source\UdiskVerify\Debug\MakeLisence.lib" /MACHINE:X86 Debug\MakeLisence.res
         Debug\MakeLisence.exe.embed.manifest.res
         Debug\FileReadWrite.obj
         Debug\MakeLisence.obj
         Debug\MakeLisenceDlg.obj
         Debug\stdafx.obj
       Manifest:
         正在删除文件“Debug\MakeLisence.exe.embed.manifest”。
         C:\Program Files (x86)\Microsoft SDKs\Windows\v7.0A\bin\mt.exe /nologo /verbose /out:"Debug\MakeLisence.exe.embed.manifest" /manifest Debug\MakeLisence.exe.intermediate.manifest "C:\Program Files (x86)\Microsoft Visual Studio 10.0\VC\Include\Manifest\dpiaware.manifest"
         C:\Program Files (x86)\Microsoft SDKs\Windows\v7.0A\bin\rc.exe /nologo /fo"Debug\MakeLisence.exe.embed.manifest.res" Debug\MakeLisence_manifest.rc 
       LinkEmbedManifest:
         C:\Program Files (x86)\Microsoft Visual Studio 10.0\VC\bin\link.exe /ERRORREPORT:PROMPT /OUT:"D:\当前备份\svn\PanMonitorSystem\u盘监测程序\Source\UdiskVerify\Debug\MakeLisence.exe" /INCREMENTAL /NOLOGO /LIBPATH:C:\SourceCode\thirdPart\ijl /LIBPATH:C:\SourceCode\thirdPart\libevent /LIBPATH:C:\SourceCode\thirdPart\mysql /LIBPATH:C:\SourceCode\thirdPart\openssl /LIBPATH:C:\SourceCode\thirdPart\sqlite /LIBPATH:C:\SourceCode\thirdPart\opencv\opencv\build\x86\vc10\bin /LIBPATH:C:\SourceCode\thirdPart\opencv\opencv\build\x86\vc10\lib /MANIFEST /ManifestFile:"Debug\MakeLisence.exe.intermediate.manifest" /MANIFESTUAC:"level='asInvoker' uiAccess='false'" /DEBUG /PDB:"D:\当前备份\svn\PanMonitorSystem\u盘监测程序\Source\UdiskVerify\Debug\MakeLisence.pdb" /SUBSYSTEM:WINDOWS /TLBID:1 /DYNAMICBASE /NXCOMPAT /IMPLIB:"D:\当前备份\svn\PanMonitorSystem\u盘监测程序\Source\UdiskVerify\Debug\MakeLisence.lib" /MACHINE:X86 Debug\MakeLisence.res
         Debug\MakeLisence.exe.embed.manifest.res
         Debug\FileReadWrite.obj
         Debug\MakeLisence.obj
         Debug\MakeLisenceDlg.obj
         Debug\stdafx.obj
         MakeLisence.vcxproj -> D:\当前备份\svn\PanMonitorSystem\u盘监测程序\Source\UdiskVerify\Debug\MakeLisence.exe
       FinalizeBuildStatus:
         正在删除文件“Debug\MakeLisence.unsuccessfulbuild”。
         正在对“Debug\MakeLisence.lastbuildstate”执行 Touch 任务。
     1>已完成生成项目“D:\当前备份\svn\PanMonitorSystem\u盘监测程序\Source\UdiskVerify\MakeLisence\MakeLisence.vcxproj”(rebuild 个目标)的操作。

生成成功。

已用时间 00:00:08.63
