D:\当前备份\SVN\PANMONITORSYSTEM\U盘监测程序\SOURCE\UDISKVERIFY\DEBUG\MAKELISENCE.EXE
D:\当前备份\SVN\PANMONITORSYSTEM\U盘监测程序\SOURCE\UDISKVERIFY\DEBUG\MAKELISENCE.ILK
D:\当前备份\SVN\PANMONITORSYSTEM\U盘监测程序\SOURCE\UDISKVERIFY\DEBUG\MAKELISENCE.PDB
D:\当前备份\svn\PanMonitorSystem\u盘监测程序\Source\UdiskVerify\MakeLisence\Debug\cl.command.1.tlog
D:\当前备份\svn\PanMonitorSystem\u盘监测程序\Source\UdiskVerify\MakeLisence\Debug\CL.read.1.tlog
D:\当前备份\svn\PanMonitorSystem\u盘监测程序\Source\UdiskVerify\MakeLisence\Debug\CL.write.1.tlog
D:\当前备份\SVN\PANMONITORSYSTEM\U盘监测程序\SOURCE\UDISKVERIFY\MAKELISENCE\DEBUG\FILEREADWRITE.OBJ
D:\当前备份\svn\PanMonitorSystem\u盘监测程序\Source\UdiskVerify\MakeLisence\Debug\link.command.1.tlog
D:\当前备份\svn\PanMonitorSystem\u盘监测程序\Source\UdiskVerify\MakeLisence\Debug\link.read.1.tlog
D:\当前备份\svn\PanMonitorSystem\u盘监测程序\Source\UdiskVerify\MakeLisence\Debug\link.write.1.tlog
D:\当前备份\svn\PanMonitorSystem\u盘监测程序\Source\UdiskVerify\MakeLisence\Debug\link-cvtres.read.1.tlog
D:\当前备份\svn\PanMonitorSystem\u盘监测程序\Source\UdiskVerify\MakeLisence\Debug\link-cvtres.write.1.tlog
D:\当前备份\SVN\PANMONITORSYSTEM\U盘监测程序\SOURCE\UDISKVERIFY\MAKELISENCE\DEBUG\MAKELISENCE.EXE.EMBED.MANIFEST
D:\当前备份\SVN\PANMONITORSYSTEM\U盘监测程序\SOURCE\UDISKVERIFY\MAKELISENCE\DEBUG\MAKELISENCE.EXE.EMBED.MANIFEST.RES
D:\当前备份\SVN\PANMONITORSYSTEM\U盘监测程序\SOURCE\UDISKVERIFY\MAKELISENCE\DEBUG\MAKELISENCE.EXE.INTERMEDIATE.MANIFEST
D:\当前备份\SVN\PANMONITORSYSTEM\U盘监测程序\SOURCE\UDISKVERIFY\MAKELISENCE\DEBUG\MAKELISENCE.OBJ
D:\当前备份\SVN\PANMONITORSYSTEM\U盘监测程序\SOURCE\UDISKVERIFY\MAKELISENCE\DEBUG\MAKELISENCE.PCH
D:\当前备份\SVN\PANMONITORSYSTEM\U盘监测程序\SOURCE\UDISKVERIFY\MAKELISENCE\DEBUG\MAKELISENCE.RES
D:\当前备份\svn\PanMonitorSystem\u盘监测程序\Source\UdiskVerify\MakeLisence\Debug\MakeLisence_manifest.rc
D:\当前备份\SVN\PANMONITORSYSTEM\U盘监测程序\SOURCE\UDISKVERIFY\MAKELISENCE\DEBUG\MAKELISENCEDLG.OBJ
D:\当前备份\svn\PanMonitorSystem\u盘监测程序\Source\UdiskVerify\MakeLisence\Debug\mt.command.1.tlog
D:\当前备份\svn\PanMonitorSystem\u盘监测程序\Source\UdiskVerify\MakeLisence\Debug\mt.read.1.tlog
D:\当前备份\svn\PanMonitorSystem\u盘监测程序\Source\UdiskVerify\MakeLisence\Debug\mt.write.1.tlog
D:\当前备份\svn\PanMonitorSystem\u盘监测程序\Source\UdiskVerify\MakeLisence\Debug\rc.command.1.tlog
D:\当前备份\svn\PanMonitorSystem\u盘监测程序\Source\UdiskVerify\MakeLisence\Debug\rc.read.1.tlog
D:\当前备份\svn\PanMonitorSystem\u盘监测程序\Source\UdiskVerify\MakeLisence\Debug\rc.write.1.tlog
D:\当前备份\SVN\PANMONITORSYSTEM\U盘监测程序\SOURCE\UDISKVERIFY\MAKELISENCE\DEBUG\STDAFX.OBJ
D:\当前备份\svn\PanMonitorSystem\u盘监测程序\Source\UdiskVerify\MakeLisence\Debug\vc100.idb
D:\当前备份\SVN\PANMONITORSYSTEM\U盘监测程序\SOURCE\UDISKVERIFY\MAKELISENCE\DEBUG\VC100.PDB
