D:\当前备份\SVN\PANMONITORSYSTEM\进程监控\PROCESSWATCH\DEBUG\PROCESSWATCH.EXE
D:\当前备份\SVN\PANMONITORSYSTEM\进程监控\PROCESSWATCH\DEBUG\PROCESSWATCH.ILK
D:\当前备份\SVN\PANMONITORSYSTEM\进程监控\PROCESSWATCH\DEBUG\PROCESSWATCH.PDB
D:\当前备份\svn\PanMonitorSystem\进程监控\ProcessWatch\ProcessWatch\Debug\cl.command.1.tlog
D:\当前备份\svn\PanMonitorSystem\进程监控\ProcessWatch\ProcessWatch\Debug\CL.read.1.tlog
D:\当前备份\svn\PanMonitorSystem\进程监控\ProcessWatch\ProcessWatch\Debug\CL.write.1.tlog
D:\当前备份\SVN\PANMONITORSYSTEM\进程监控\PROCESSWATCH\PROCESSWATCH\DEBUG\CMABSTRACTTRANSF.OBJ
D:\当前备份\SVN\PANMONITORSYSTEM\进程监控\PROCESSWATCH\PROCESSWATCH\DEBUG\CMFUNCTION.OBJ
D:\当前备份\SVN\PANMONITORSYSTEM\进程监控\PROCESSWATCH\PROCESSWATCH\DEBUG\CMIJLUTIL.OBJ
D:\当前备份\SVN\PANMONITORSYSTEM\进程监控\PROCESSWATCH\PROCESSWATCH\DEBUG\CMLOG.OBJ
D:\当前备份\SVN\PANMONITORSYSTEM\进程监控\PROCESSWATCH\PROCESSWATCH\DEBUG\CMTHREAD.OBJ
D:\当前备份\SVN\PANMONITORSYSTEM\进程监控\PROCESSWATCH\PROCESSWATCH\DEBUG\CMTHREADPOOL.OBJ
D:\当前备份\SVN\PANMONITORSYSTEM\进程监控\PROCESSWATCH\PROCESSWATCH\DEBUG\CMTRANSTCP.OBJ
D:\当前备份\SVN\PANMONITORSYSTEM\进程监控\PROCESSWATCH\PROCESSWATCH\DEBUG\CMTRANSUDP.OBJ
D:\当前备份\svn\PanMonitorSystem\进程监控\ProcessWatch\ProcessWatch\Debug\link.command.1.tlog
D:\当前备份\svn\PanMonitorSystem\进程监控\ProcessWatch\ProcessWatch\Debug\link.read.1.tlog
D:\当前备份\svn\PanMonitorSystem\进程监控\ProcessWatch\ProcessWatch\Debug\link.write.1.tlog
D:\当前备份\svn\PanMonitorSystem\进程监控\ProcessWatch\ProcessWatch\Debug\link-cvtres.read.1.tlog
D:\当前备份\svn\PanMonitorSystem\进程监控\ProcessWatch\ProcessWatch\Debug\link-cvtres.write.1.tlog
D:\当前备份\svn\PanMonitorSystem\进程监控\ProcessWatch\ProcessWatch\Debug\mt.command.1.tlog
D:\当前备份\svn\PanMonitorSystem\进程监控\ProcessWatch\ProcessWatch\Debug\mt.read.1.tlog
D:\当前备份\svn\PanMonitorSystem\进程监控\ProcessWatch\ProcessWatch\Debug\mt.write.1.tlog
D:\当前备份\SVN\PANMONITORSYSTEM\进程监控\PROCESSWATCH\PROCESSWATCH\DEBUG\PROCESSWATCH.EXE.EMBED.MANIFEST
D:\当前备份\SVN\PANMONITORSYSTEM\进程监控\PROCESSWATCH\PROCESSWATCH\DEBUG\PROCESSWATCH.EXE.EMBED.MANIFEST.RES
D:\当前备份\SVN\PANMONITORSYSTEM\进程监控\PROCESSWATCH\PROCESSWATCH\DEBUG\PROCESSWATCH.EXE.INTERMEDIATE.MANIFEST
D:\当前备份\SVN\PANMONITORSYSTEM\进程监控\PROCESSWATCH\PROCESSWATCH\DEBUG\PROCESSWATCH.OBJ
D:\当前备份\SVN\PANMONITORSYSTEM\进程监控\PROCESSWATCH\PROCESSWATCH\DEBUG\PROCESSWATCH.PCH
D:\当前备份\SVN\PANMONITORSYSTEM\进程监控\PROCESSWATCH\PROCESSWATCH\DEBUG\PROCESSWATCH.RES
D:\当前备份\svn\PanMonitorSystem\进程监控\ProcessWatch\ProcessWatch\Debug\ProcessWatch_manifest.rc
D:\当前备份\SVN\PANMONITORSYSTEM\进程监控\PROCESSWATCH\PROCESSWATCH\DEBUG\PROCESSWATCHDLG.OBJ
D:\当前备份\svn\PanMonitorSystem\进程监控\ProcessWatch\ProcessWatch\Debug\rc.command.1.tlog
D:\当前备份\svn\PanMonitorSystem\进程监控\ProcessWatch\ProcessWatch\Debug\rc.read.1.tlog
D:\当前备份\svn\PanMonitorSystem\进程监控\ProcessWatch\ProcessWatch\Debug\rc.write.1.tlog
D:\当前备份\SVN\PANMONITORSYSTEM\进程监控\PROCESSWATCH\PROCESSWATCH\DEBUG\STDAFX.OBJ
D:\当前备份\svn\PanMonitorSystem\进程监控\ProcessWatch\ProcessWatch\Debug\vc100.idb
D:\当前备份\SVN\PANMONITORSYSTEM\进程监控\PROCESSWATCH\PROCESSWATCH\DEBUG\VC100.PDB
