D:\当前备份\SVN\PANMONITORSYSTEM\U盘监测程序\SOURCE\UDISKVERIFY\DEBUG\UDISKVERIFY.EXE
D:\当前备份\SVN\PANMONITORSYSTEM\U盘监测程序\SOURCE\UDISKVERIFY\DEBUG\UDISKVERIFY.ILK
D:\当前备份\SVN\PANMONITORSYSTEM\U盘监测程序\SOURCE\UDISKVERIFY\DEBUG\UDISKVERIFY.PDB
D:\当前备份\svn\PanMonitorSystem\u盘监测程序\Source\UdiskVerify\UdiskVerify\Debug\cl.command.1.tlog
D:\当前备份\svn\PanMonitorSystem\u盘监测程序\Source\UdiskVerify\UdiskVerify\Debug\CL.read.1.tlog
D:\当前备份\svn\PanMonitorSystem\u盘监测程序\Source\UdiskVerify\UdiskVerify\Debug\CL.write.1.tlog
D:\当前备份\SVN\PANMONITORSYSTEM\U盘监测程序\SOURCE\UDISKVERIFY\UDISKVERIFY\DEBUG\FILEREADWRITE.OBJ
D:\当前备份\svn\PanMonitorSystem\u盘监测程序\Source\UdiskVerify\UdiskVerify\Debug\link.command.1.tlog
D:\当前备份\svn\PanMonitorSystem\u盘监测程序\Source\UdiskVerify\UdiskVerify\Debug\link.read.1.tlog
D:\当前备份\svn\PanMonitorSystem\u盘监测程序\Source\UdiskVerify\UdiskVerify\Debug\link.write.1.tlog
D:\当前备份\svn\PanMonitorSystem\u盘监测程序\Source\UdiskVerify\UdiskVerify\Debug\link-cvtres.read.1.tlog
D:\当前备份\svn\PanMonitorSystem\u盘监测程序\Source\UdiskVerify\UdiskVerify\Debug\link-cvtres.write.1.tlog
D:\当前备份\svn\PanMonitorSystem\u盘监测程序\Source\UdiskVerify\UdiskVerify\Debug\mt.command.1.tlog
D:\当前备份\svn\PanMonitorSystem\u盘监测程序\Source\UdiskVerify\UdiskVerify\Debug\mt.read.1.tlog
D:\当前备份\svn\PanMonitorSystem\u盘监测程序\Source\UdiskVerify\UdiskVerify\Debug\mt.write.1.tlog
D:\当前备份\svn\PanMonitorSystem\u盘监测程序\Source\UdiskVerify\UdiskVerify\Debug\rc.command.1.tlog
D:\当前备份\svn\PanMonitorSystem\u盘监测程序\Source\UdiskVerify\UdiskVerify\Debug\rc.read.1.tlog
D:\当前备份\svn\PanMonitorSystem\u盘监测程序\Source\UdiskVerify\UdiskVerify\Debug\rc.write.1.tlog
D:\当前备份\SVN\PANMONITORSYSTEM\U盘监测程序\SOURCE\UDISKVERIFY\UDISKVERIFY\DEBUG\STDAFX.OBJ
D:\当前备份\SVN\PANMONITORSYSTEM\U盘监测程序\SOURCE\UDISKVERIFY\UDISKVERIFY\DEBUG\UDISKVERIFY.EXE.EMBED.MANIFEST
D:\当前备份\SVN\PANMONITORSYSTEM\U盘监测程序\SOURCE\UDISKVERIFY\UDISKVERIFY\DEBUG\UDISKVERIFY.EXE.EMBED.MANIFEST.RES
D:\当前备份\SVN\PANMONITORSYSTEM\U盘监测程序\SOURCE\UDISKVERIFY\UDISKVERIFY\DEBUG\UDISKVERIFY.EXE.INTERMEDIATE.MANIFEST
D:\当前备份\SVN\PANMONITORSYSTEM\U盘监测程序\SOURCE\UDISKVERIFY\UDISKVERIFY\DEBUG\UDISKVERIFY.OBJ
D:\当前备份\SVN\PANMONITORSYSTEM\U盘监测程序\SOURCE\UDISKVERIFY\UDISKVERIFY\DEBUG\UDISKVERIFY.PCH
D:\当前备份\SVN\PANMONITORSYSTEM\U盘监测程序\SOURCE\UDISKVERIFY\UDISKVERIFY\DEBUG\UDISKVERIFY.RES
D:\当前备份\svn\PanMonitorSystem\u盘监测程序\Source\UdiskVerify\UdiskVerify\Debug\UdiskVerify_manifest.rc
D:\当前备份\SVN\PANMONITORSYSTEM\U盘监测程序\SOURCE\UDISKVERIFY\UDISKVERIFY\DEBUG\UDISKVERIFYDLG.OBJ
D:\当前备份\svn\PanMonitorSystem\u盘监测程序\Source\UdiskVerify\UdiskVerify\Debug\vc100.idb
D:\当前备份\SVN\PANMONITORSYSTEM\U盘监测程序\SOURCE\UDISKVERIFY\UDISKVERIFY\DEBUG\VC100.PDB
